=== EXPERIMENT RUNNER SUMMARY REPORT ===

EXPERIMENT INFO:
  Start Time: 2025-09-22T09:41:48.365199
  End Time: 2025-09-22T09:42:02.645854
  Duration: 14.28 seconds
  Data Path: PROJECT_HUB/data
  Results Dir: PROJECT_HUB/results

EXPERIMENT STATUS:
  Successful: 2
  Failed: 2
  Success Rate: 50.0%

EXPERIMENT DETAILS:

THRESHOLD VALIDATION:
  Status: FAILED
  Error: Threshold validation failed: a must be 1-dimensional

PERFORMANCE COMPARISON:
  Status: SUCCESS
  Speed Improvement: 22.60023983881895%
  Accuracy Improvement: 14.431378364338897%

UNCERTAINTY ANALYSIS:
  Status: SUCCESS
  Calibration Error: 0.0217983161649453
  Overconfidence: 0.008375194886384274

NETWORK EVOLUTION:
  Status: FAILED
  Error: Network evolution failed: 'timestamp'
